========== stage: 1 fold: 0 training 169 / 22 ==========
Epoch 1 Avg Train Loss: 0.5603 Avg Valid Loss: 0.7014 / 
Epoch 1 Save Best Valid Loss: 0.7014
Epoch 2 Avg Train Loss: 0.4631 Avg Valid Loss: 0.5147 / 
Epoch 2 Save Best Valid Loss: 0.5147
Epoch 3 Avg Train Loss: 0.4401 Avg Valid Loss: 0.5421 / 
Epoch 4 Avg Train Loss: 0.4213 Avg Valid Loss: 0.4845 / 
Epoch 4 Save Best Valid Loss: 0.4845
Epoch 5 Avg Train Loss: 0.4065 Avg Valid Loss: 0.4902 / 
Epoch 6 Avg Train Loss: 0.4019 Avg Valid Loss: 0.4795 / 
Epoch 6 Save Best Valid Loss: 0.4795
Epoch 7 Avg Train Loss: 0.3951 Avg Valid Loss: 0.4689 / 
Epoch 7 Save Best Valid Loss: 0.4689
Epoch 8 Avg Train Loss: 0.3937 Avg Valid Loss: 0.4651 / 
Epoch 8 Save Best Valid Loss: 0.4651
Epoch 9 Avg Train Loss: 0.3927 Avg Valid Loss: 0.4901 / 
Epoch 10 Avg Train Loss: 0.3882 Avg Valid Loss: 0.4859 / 
Epoch 11 Avg Train Loss: 0.3823 Avg Valid Loss: 0.4700 / 
Epoch 12 Avg Train Loss: 0.3808 Avg Valid Loss: 0.4557 / 
Epoch 12 Save Best Valid Loss: 0.4557
Epoch 13 Avg Train Loss: 0.3778 Avg Valid Loss: 0.4848 / 
Epoch 14 Avg Train Loss: 0.3749 Avg Valid Loss: 0.4727 / 
Epoch 15 Avg Train Loss: 0.3682 Avg Valid Loss: 0.4538 / 
Epoch 15 Save Best Valid Loss: 0.4538
Epoch 16 Avg Train Loss: 0.3717 Avg Valid Loss: 0.4608 / 
Epoch 17 Avg Train Loss: 0.3671 Avg Valid Loss: 0.4624 / 
Epoch 18 Avg Train Loss: 0.3678 Avg Valid Loss: 0.4639 / 
Epoch 19 Avg Train Loss: 0.3612 Avg Valid Loss: 0.4640 / 
Epoch 20 Avg Train Loss: 0.3653 Avg Valid Loss: 0.4713 / 
Epoch 21 Avg Train Loss: 0.3645 Avg Valid Loss: 0.4727 / 
Epoch 22 Avg Train Loss: 0.3645 Avg Valid Loss: 0.4452 / 
Epoch 22 Save Best Valid Loss: 0.4452
Epoch 23 Avg Train Loss: 0.3573 Avg Valid Loss: 0.4605 / 
Epoch 24 Avg Train Loss: 0.3556 Avg Valid Loss: 0.4396 / 
Epoch 24 Save Best Valid Loss: 0.4396
Epoch 25 Avg Train Loss: 0.3572 Avg Valid Loss: 0.4720 / 
Epoch 26 Avg Train Loss: 0.3571 Avg Valid Loss: 0.4447 / 
Epoch 27 Avg Train Loss: 0.3616 Avg Valid Loss: 0.4501 / 
Epoch 28 Avg Train Loss: 0.3577 Avg Valid Loss: 0.4465 / 
Epoch 29 Avg Train Loss: 0.3504 Avg Valid Loss: 0.4592 / 
Epoch 30 Avg Train Loss: 0.3523 Avg Valid Loss: 0.4970 / 
Epoch 31 Avg Train Loss: 0.3515 Avg Valid Loss: 0.4507 / 
Epoch 32 Avg Train Loss: 0.3487 Avg Valid Loss: 0.4439 / 
Epoch 33 Avg Train Loss: 0.3469 Avg Valid Loss: 0.4714 / 
Epoch 34 Avg Train Loss: 0.3489 Avg Valid Loss: 0.4622 / 
Epoch 35 Avg Train Loss: 0.3462 Avg Valid Loss: 0.4677 / 
Epoch 36 Avg Train Loss: 0.3463 Avg Valid Loss: 0.4779 / 
Epoch 37 Avg Train Loss: 0.3509 Avg Valid Loss: 0.4824 / 
Epoch 38 Avg Train Loss: 0.3445 Avg Valid Loss: 0.4579 / 
Epoch 39 Avg Train Loss: 0.3429 Avg Valid Loss: 0.4591 / 
Epoch 40 Avg Train Loss: 0.3420 Avg Valid Loss: 0.4563 / 
Epoch 41 Avg Train Loss: 0.3501 Avg Valid Loss: 0.4578 / 
Epoch 42 Avg Train Loss: 0.3452 Avg Valid Loss: 0.4598 / 
Epoch 43 Avg Train Loss: 0.3464 Avg Valid Loss: 0.4575 / 
Epoch 44 Avg Train Loss: 0.3403 Avg Valid Loss: 0.4604 / 
Epoch 45 Avg Train Loss: 0.3432 Avg Valid Loss: 0.4556 / 
Epoch 46 Avg Train Loss: 0.3456 Avg Valid Loss: 0.4607 / 
Epoch 47 Avg Train Loss: 0.3470 Avg Valid Loss: 0.4603 / 
Epoch 48 Avg Train Loss: 0.3431 Avg Valid Loss: 0.4619 / 
Epoch 49 Avg Train Loss: 0.3482 Avg Valid Loss: 0.4598 / 
Epoch 50 Avg Train Loss: 0.3443 Avg Valid Loss: 0.4589 / 
========== fold: 0 stage: 1 result ==========
Score with best loss weights stage1: 0.4396
========== stage: 2 fold: 0 training 81 / 11 ==========
Epoch 1 Avg Train Loss: 0.3972 Avg Valid Loss: 0.4226 / 
Epoch 1 Save Best Valid Loss: 0.4226
Epoch 2 Avg Train Loss: 0.3687 Avg Valid Loss: 0.3990 / 
Epoch 2 Save Best Valid Loss: 0.3990
Epoch 3 Avg Train Loss: 0.3623 Avg Valid Loss: 0.4300 / 
Epoch 4 Avg Train Loss: 0.3574 Avg Valid Loss: 0.3823 / 
Epoch 4 Save Best Valid Loss: 0.3823
Epoch 5 Avg Train Loss: 0.3481 Avg Valid Loss: 0.4143 / 
Epoch 6 Avg Train Loss: 0.3485 Avg Valid Loss: 0.3978 / 
Epoch 7 Avg Train Loss: 0.3428 Avg Valid Loss: 0.4538 / 
Epoch 8 Avg Train Loss: 0.3457 Avg Valid Loss: 0.3766 / 
Epoch 8 Save Best Valid Loss: 0.3766
Epoch 9 Avg Train Loss: 0.3436 Avg Valid Loss: 0.3977 / 
Epoch 10 Avg Train Loss: 0.3400 Avg Valid Loss: 0.3614 / 
Epoch 10 Save Best Valid Loss: 0.3614
Epoch 11 Avg Train Loss: 0.3439 Avg Valid Loss: 0.3953 / 
Epoch 12 Avg Train Loss: 0.3334 Avg Valid Loss: 0.3694 / 
Epoch 13 Avg Train Loss: 0.3393 Avg Valid Loss: 0.3810 / 
Epoch 14 Avg Train Loss: 0.3315 Avg Valid Loss: 0.3971 / 
Epoch 15 Avg Train Loss: 0.3316 Avg Valid Loss: 0.3755 / 
Epoch 16 Avg Train Loss: 0.3320 Avg Valid Loss: 0.3504 / 
Epoch 16 Save Best Valid Loss: 0.3504
Epoch 17 Avg Train Loss: 0.3305 Avg Valid Loss: 0.4043 / 
Epoch 18 Avg Train Loss: 0.3253 Avg Valid Loss: 0.3626 / 
Epoch 19 Avg Train Loss: 0.3293 Avg Valid Loss: 0.3674 / 
Epoch 20 Avg Train Loss: 0.3288 Avg Valid Loss: 0.3763 / 
Epoch 21 Avg Train Loss: 0.3197 Avg Valid Loss: 0.3782 / 
Epoch 22 Avg Train Loss: 0.3261 Avg Valid Loss: 0.3712 / 
Epoch 23 Avg Train Loss: 0.3246 Avg Valid Loss: 0.3726 / 
Epoch 24 Avg Train Loss: 0.3227 Avg Valid Loss: 0.3737 / 
Epoch 25 Avg Train Loss: 0.3174 Avg Valid Loss: 0.3950 / 
Epoch 26 Avg Train Loss: 0.3206 Avg Valid Loss: 0.3979 / 
Epoch 27 Avg Train Loss: 0.3214 Avg Valid Loss: 0.3959 / 
Epoch 28 Avg Train Loss: 0.3183 Avg Valid Loss: 0.3684 / 
Epoch 29 Avg Train Loss: 0.3178 Avg Valid Loss: 0.3680 / 
Epoch 30 Avg Train Loss: 0.3215 Avg Valid Loss: 0.3907 / 
Epoch 31 Avg Train Loss: 0.3197 Avg Valid Loss: 0.3653 / 
Epoch 32 Avg Train Loss: 0.3122 Avg Valid Loss: 0.4070 / 
Epoch 33 Avg Train Loss: 0.3138 Avg Valid Loss: 0.3941 / 
Epoch 34 Avg Train Loss: 0.3113 Avg Valid Loss: 0.3566 / 
Epoch 35 Avg Train Loss: 0.3167 Avg Valid Loss: 0.3502 / 
Epoch 35 Save Best Valid Loss: 0.3502
Epoch 36 Avg Train Loss: 0.3133 Avg Valid Loss: 0.3708 / 
Epoch 37 Avg Train Loss: 0.3102 Avg Valid Loss: 0.3468 / 
Epoch 37 Save Best Valid Loss: 0.3468
Epoch 38 Avg Train Loss: 0.3112 Avg Valid Loss: 0.3548 / 
Epoch 39 Avg Train Loss: 0.3043 Avg Valid Loss: 0.3692 / 
Epoch 40 Avg Train Loss: 0.3108 Avg Valid Loss: 0.3477 / 
Epoch 41 Avg Train Loss: 0.3096 Avg Valid Loss: 0.3561 / 
Epoch 42 Avg Train Loss: 0.3064 Avg Valid Loss: 0.3660 / 
Epoch 43 Avg Train Loss: 0.3135 Avg Valid Loss: 0.3489 / 
Epoch 44 Avg Train Loss: 0.3064 Avg Valid Loss: 0.3866 / 
Epoch 45 Avg Train Loss: 0.3118 Avg Valid Loss: 0.3746 / 
Epoch 46 Avg Train Loss: 0.3122 Avg Valid Loss: 0.3580 / 
Epoch 47 Avg Train Loss: 0.3046 Avg Valid Loss: 0.3781 / 
Epoch 48 Avg Train Loss: 0.3105 Avg Valid Loss: 0.3895 / 
Epoch 49 Avg Train Loss: 0.3039 Avg Valid Loss: 0.3909 / 
Epoch 50 Avg Train Loss: 0.2971 Avg Valid Loss: 0.3518 / 
Epoch 51 Avg Train Loss: 0.3049 Avg Valid Loss: 0.3730 / 
Epoch 52 Avg Train Loss: 0.3056 Avg Valid Loss: 0.3492 / 
Epoch 53 Avg Train Loss: 0.2993 Avg Valid Loss: 0.3902 / 
Epoch 54 Avg Train Loss: 0.2995 Avg Valid Loss: 0.3556 / 
Epoch 55 Avg Train Loss: 0.3036 Avg Valid Loss: 0.3457 / 
Epoch 55 Save Best Valid Loss: 0.3457
Epoch 56 Avg Train Loss: 0.3013 Avg Valid Loss: 0.4003 / 
Epoch 57 Avg Train Loss: 0.3040 Avg Valid Loss: 0.3445 / 
Epoch 57 Save Best Valid Loss: 0.3445
Epoch 58 Avg Train Loss: 0.3028 Avg Valid Loss: 0.3247 / 
Epoch 58 Save Best Valid Loss: 0.3247
Epoch 59 Avg Train Loss: 0.3032 Avg Valid Loss: 0.3384 / 
Epoch 60 Avg Train Loss: 0.3038 Avg Valid Loss: 0.3421 / 
Epoch 61 Avg Train Loss: 0.3008 Avg Valid Loss: 0.3302 / 
Epoch 62 Avg Train Loss: 0.2968 Avg Valid Loss: 0.3274 / 
Epoch 63 Avg Train Loss: 0.3018 Avg Valid Loss: 0.3399 / 
Epoch 64 Avg Train Loss: 0.2969 Avg Valid Loss: 0.3103 / 
Epoch 64 Save Best Valid Loss: 0.3103
Epoch 65 Avg Train Loss: 0.3021 Avg Valid Loss: 0.3827 / 
Epoch 66 Avg Train Loss: 0.2942 Avg Valid Loss: 0.3383 / 
Epoch 67 Avg Train Loss: 0.2956 Avg Valid Loss: 0.3709 / 
Epoch 68 Avg Train Loss: 0.2939 Avg Valid Loss: 0.3827 / 
Epoch 69 Avg Train Loss: 0.2959 Avg Valid Loss: 0.3409 / 
Epoch 70 Avg Train Loss: 0.2935 Avg Valid Loss: 0.3606 / 
Epoch 71 Avg Train Loss: 0.2928 Avg Valid Loss: 0.3721 / 
Epoch 72 Avg Train Loss: 0.2955 Avg Valid Loss: 0.3606 / 
Epoch 73 Avg Train Loss: 0.2928 Avg Valid Loss: 0.3326 / 
Epoch 74 Avg Train Loss: 0.2922 Avg Valid Loss: 0.3639 / 
Epoch 75 Avg Train Loss: 0.2938 Avg Valid Loss: 0.3741 / 
Epoch 76 Avg Train Loss: 0.2929 Avg Valid Loss: 0.3672 / 
Epoch 77 Avg Train Loss: 0.2894 Avg Valid Loss: 0.3713 / 
Epoch 78 Avg Train Loss: 0.3036 Avg Valid Loss: 0.3341 / 
Epoch 79 Avg Train Loss: 0.2884 Avg Valid Loss: 0.3515 / 
Epoch 80 Avg Train Loss: 0.2875 Avg Valid Loss: 0.3445 / 
Epoch 81 Avg Train Loss: 0.2943 Avg Valid Loss: 0.3399 / 
Epoch 82 Avg Train Loss: 0.2874 Avg Valid Loss: 0.3293 / 
Epoch 83 Avg Train Loss: 0.2922 Avg Valid Loss: 0.3616 / 
Epoch 84 Avg Train Loss: 0.2849 Avg Valid Loss: 0.3386 / 
Epoch 85 Avg Train Loss: 0.2926 Avg Valid Loss: 0.3446 / 
Epoch 86 Avg Train Loss: 0.2985 Avg Valid Loss: 0.3413 / 
Epoch 87 Avg Train Loss: 0.2902 Avg Valid Loss: 0.3247 / 
Epoch 88 Avg Train Loss: 0.2917 Avg Valid Loss: 0.3489 / 
Epoch 89 Avg Train Loss: 0.2868 Avg Valid Loss: 0.3685 / 
Epoch 90 Avg Train Loss: 0.2838 Avg Valid Loss: 0.3650 / 
Epoch 91 Avg Train Loss: 0.2893 Avg Valid Loss: 0.4006 / 
Epoch 92 Avg Train Loss: 0.2941 Avg Valid Loss: 0.3742 / 
Epoch 93 Avg Train Loss: 0.2845 Avg Valid Loss: 0.3725 / 
Epoch 94 Avg Train Loss: 0.2874 Avg Valid Loss: 0.3578 / 
Epoch 95 Avg Train Loss: 0.2869 Avg Valid Loss: 0.3284 / 
Epoch 96 Avg Train Loss: 0.2845 Avg Valid Loss: 0.3263 / 
Epoch 97 Avg Train Loss: 0.2863 Avg Valid Loss: 0.3227 / 
Epoch 98 Avg Train Loss: 0.2879 Avg Valid Loss: 0.3522 / 
Epoch 99 Avg Train Loss: 0.2913 Avg Valid Loss: 0.3307 / 
Epoch 100 Avg Train Loss: 0.2854 Avg Valid Loss: 0.3295 / 
========== fold: 0 stage: 2 result ==========
Score with best loss weights stage2: 0.3103
========== stage: 1 fold: 1 training 169 / 22 ==========
Epoch 1 Avg Train Loss: 0.5581 Avg Valid Loss: 1.2594 / 
Epoch 1 Save Best Valid Loss: 1.2594
Epoch 2 Avg Train Loss: 0.4693 Avg Valid Loss: 0.4174 / 
Epoch 2 Save Best Valid Loss: 0.4174
Epoch 3 Avg Train Loss: 0.4440 Avg Valid Loss: 0.4364 / 
Epoch 4 Avg Train Loss: 0.4252 Avg Valid Loss: 0.4214 / 
Epoch 5 Avg Train Loss: 0.4228 Avg Valid Loss: 0.3876 / 
Epoch 5 Save Best Valid Loss: 0.3876
Epoch 6 Avg Train Loss: 0.4170 Avg Valid Loss: 0.3850 / 
Epoch 6 Save Best Valid Loss: 0.3850
Epoch 7 Avg Train Loss: 0.4076 Avg Valid Loss: 0.3718 / 
Epoch 7 Save Best Valid Loss: 0.3718
Epoch 8 Avg Train Loss: 0.4012 Avg Valid Loss: 0.3697 / 
Epoch 8 Save Best Valid Loss: 0.3697
Epoch 9 Avg Train Loss: 0.3984 Avg Valid Loss: 0.3754 / 
Epoch 10 Avg Train Loss: 0.4013 Avg Valid Loss: 0.3799 / 
Epoch 11 Avg Train Loss: 0.3983 Avg Valid Loss: 0.3690 / 
Epoch 11 Save Best Valid Loss: 0.3690
Epoch 12 Avg Train Loss: 0.3892 Avg Valid Loss: 0.3613 / 
Epoch 12 Save Best Valid Loss: 0.3613
Epoch 13 Avg Train Loss: 0.3897 Avg Valid Loss: 0.3664 / 
Epoch 14 Avg Train Loss: 0.3860 Avg Valid Loss: 0.3685 / 
Epoch 15 Avg Train Loss: 0.3832 Avg Valid Loss: 0.3730 / 
Epoch 16 Avg Train Loss: 0.3847 Avg Valid Loss: 0.3687 / 
Epoch 17 Avg Train Loss: 0.3811 Avg Valid Loss: 0.3666 / 
Epoch 18 Avg Train Loss: 0.3786 Avg Valid Loss: 0.3650 / 
Epoch 19 Avg Train Loss: 0.3759 Avg Valid Loss: 0.3589 / 
Epoch 19 Save Best Valid Loss: 0.3589
Epoch 20 Avg Train Loss: 0.3733 Avg Valid Loss: 0.3619 / 
Epoch 21 Avg Train Loss: 0.3756 Avg Valid Loss: 0.3851 / 
Epoch 22 Avg Train Loss: 0.3675 Avg Valid Loss: 0.3696 / 
Epoch 23 Avg Train Loss: 0.3695 Avg Valid Loss: 0.3921 / 
Epoch 24 Avg Train Loss: 0.3646 Avg Valid Loss: 0.3753 / 
Epoch 25 Avg Train Loss: 0.3646 Avg Valid Loss: 0.4008 / 
Epoch 26 Avg Train Loss: 0.3666 Avg Valid Loss: 0.3739 / 
Epoch 27 Avg Train Loss: 0.3664 Avg Valid Loss: 0.3666 / 
Epoch 28 Avg Train Loss: 0.3643 Avg Valid Loss: 0.3541 / 
Epoch 28 Save Best Valid Loss: 0.3541
Epoch 29 Avg Train Loss: 0.3624 Avg Valid Loss: 0.3874 / 
Epoch 30 Avg Train Loss: 0.3623 Avg Valid Loss: 0.3693 / 
Epoch 31 Avg Train Loss: 0.3571 Avg Valid Loss: 0.3732 / 
Epoch 32 Avg Train Loss: 0.3595 Avg Valid Loss: 0.3930 / 
Epoch 33 Avg Train Loss: 0.3560 Avg Valid Loss: 0.3981 / 
Epoch 34 Avg Train Loss: 0.3575 Avg Valid Loss: 0.3604 / 
Epoch 35 Avg Train Loss: 0.3572 Avg Valid Loss: 0.3763 / 
Epoch 36 Avg Train Loss: 0.3534 Avg Valid Loss: 0.3588 / 
Epoch 37 Avg Train Loss: 0.3558 Avg Valid Loss: 0.3755 / 
Epoch 38 Avg Train Loss: 0.3521 Avg Valid Loss: 0.3589 / 
Epoch 39 Avg Train Loss: 0.3539 Avg Valid Loss: 0.3992 / 
Epoch 40 Avg Train Loss: 0.3523 Avg Valid Loss: 0.3683 / 
Epoch 41 Avg Train Loss: 0.3539 Avg Valid Loss: 0.3745 / 
Epoch 42 Avg Train Loss: 0.3509 Avg Valid Loss: 0.3635 / 
Epoch 43 Avg Train Loss: 0.3437 Avg Valid Loss: 0.3450 / 
Epoch 43 Save Best Valid Loss: 0.3450
Epoch 44 Avg Train Loss: 0.3438 Avg Valid Loss: 0.3511 / 
Epoch 45 Avg Train Loss: 0.3470 Avg Valid Loss: 0.3673 / 
Epoch 46 Avg Train Loss: 0.3480 Avg Valid Loss: 0.3739 / 
Epoch 47 Avg Train Loss: 0.3446 Avg Valid Loss: 0.3549 / 
Epoch 48 Avg Train Loss: 0.3426 Avg Valid Loss: 0.3538 / 
Epoch 49 Avg Train Loss: 0.3478 Avg Valid Loss: 0.3506 / 
Epoch 50 Avg Train Loss: 0.3507 Avg Valid Loss: 0.3769 / 
========== fold: 1 stage: 1 result ==========
Score with best loss weights stage1: 0.3450
========== stage: 2 fold: 1 training 81 / 11 ==========
Epoch 1 Avg Train Loss: 0.3885 Avg Valid Loss: 0.3411 / 
Epoch 1 Save Best Valid Loss: 0.3411
Epoch 2 Avg Train Loss: 0.3602 Avg Valid Loss: 0.3355 / 
Epoch 2 Save Best Valid Loss: 0.3355
Epoch 3 Avg Train Loss: 0.3506 Avg Valid Loss: 0.3461 / 
Epoch 4 Avg Train Loss: 0.3393 Avg Valid Loss: 0.3381 / 
Epoch 5 Avg Train Loss: 0.3468 Avg Valid Loss: 0.3509 / 
Epoch 6 Avg Train Loss: 0.3404 Avg Valid Loss: 0.3529 / 
Epoch 7 Avg Train Loss: 0.3313 Avg Valid Loss: 0.3503 / 
Epoch 8 Avg Train Loss: 0.3332 Avg Valid Loss: 0.3599 / 
Epoch 9 Avg Train Loss: 0.3276 Avg Valid Loss: 0.3542 / 
Epoch 10 Avg Train Loss: 0.3303 Avg Valid Loss: 0.3341 / 
Epoch 10 Save Best Valid Loss: 0.3341
Epoch 11 Avg Train Loss: 0.3192 Avg Valid Loss: 0.3729 / 
Epoch 12 Avg Train Loss: 0.3213 Avg Valid Loss: 0.3240 / 
Epoch 12 Save Best Valid Loss: 0.3240
Epoch 13 Avg Train Loss: 0.3215 Avg Valid Loss: 0.3419 / 
Epoch 14 Avg Train Loss: 0.3228 Avg Valid Loss: 0.3341 / 
Epoch 15 Avg Train Loss: 0.3183 Avg Valid Loss: 0.3364 / 
Epoch 16 Avg Train Loss: 0.3220 Avg Valid Loss: 0.3288 / 
Epoch 17 Avg Train Loss: 0.3170 Avg Valid Loss: 0.3487 / 
Epoch 18 Avg Train Loss: 0.3150 Avg Valid Loss: 0.3173 / 
Epoch 18 Save Best Valid Loss: 0.3173
Epoch 19 Avg Train Loss: 0.3146 Avg Valid Loss: 0.3298 / 
Epoch 20 Avg Train Loss: 0.3132 Avg Valid Loss: 0.3359 / 
Epoch 21 Avg Train Loss: 0.3121 Avg Valid Loss: 0.3188 / 
Epoch 22 Avg Train Loss: 0.3170 Avg Valid Loss: 0.3200 / 
Epoch 23 Avg Train Loss: 0.3142 Avg Valid Loss: 0.3276 / 
Epoch 24 Avg Train Loss: 0.3090 Avg Valid Loss: 0.3408 / 
Epoch 25 Avg Train Loss: 0.3068 Avg Valid Loss: 0.3352 / 
Epoch 26 Avg Train Loss: 0.3131 Avg Valid Loss: 0.3460 / 
Epoch 27 Avg Train Loss: 0.3031 Avg Valid Loss: 0.3287 / 
Epoch 28 Avg Train Loss: 0.3055 Avg Valid Loss: 0.3339 / 
Epoch 29 Avg Train Loss: 0.3110 Avg Valid Loss: 0.3305 / 
Epoch 30 Avg Train Loss: 0.3067 Avg Valid Loss: 0.3437 / 
Epoch 31 Avg Train Loss: 0.3061 Avg Valid Loss: 0.3375 / 
Epoch 32 Avg Train Loss: 0.2998 Avg Valid Loss: 0.3423 / 
Epoch 33 Avg Train Loss: 0.3019 Avg Valid Loss: 0.3379 / 
Epoch 34 Avg Train Loss: 0.3071 Avg Valid Loss: 0.3500 / 
Epoch 35 Avg Train Loss: 0.3006 Avg Valid Loss: 0.3391 / 
Epoch 36 Avg Train Loss: 0.2972 Avg Valid Loss: 0.3386 / 
Epoch 37 Avg Train Loss: 0.2984 Avg Valid Loss: 0.3173 / 
Epoch 38 Avg Train Loss: 0.2969 Avg Valid Loss: 0.3286 / 
Epoch 39 Avg Train Loss: 0.2979 Avg Valid Loss: 0.3296 / 
Epoch 40 Avg Train Loss: 0.2922 Avg Valid Loss: 0.3316 / 
Epoch 41 Avg Train Loss: 0.2952 Avg Valid Loss: 0.3210 / 
Epoch 42 Avg Train Loss: 0.2982 Avg Valid Loss: 0.3254 / 
Epoch 43 Avg Train Loss: 0.3024 Avg Valid Loss: 0.3127 / 
Epoch 43 Save Best Valid Loss: 0.3127
Epoch 44 Avg Train Loss: 0.3016 Avg Valid Loss: 0.3254 / 
Epoch 45 Avg Train Loss: 0.2963 Avg Valid Loss: 0.3259 / 
Epoch 46 Avg Train Loss: 0.2957 Avg Valid Loss: 0.3553 / 
Epoch 47 Avg Train Loss: 0.2967 Avg Valid Loss: 0.3425 / 
Epoch 48 Avg Train Loss: 0.2935 Avg Valid Loss: 0.3299 / 
Epoch 49 Avg Train Loss: 0.2939 Avg Valid Loss: 0.3271 / 
Epoch 50 Avg Train Loss: 0.2930 Avg Valid Loss: 0.3524 / 
Epoch 51 Avg Train Loss: 0.3001 Avg Valid Loss: 0.3521 / 
Epoch 52 Avg Train Loss: 0.2978 Avg Valid Loss: 0.3191 / 
Epoch 53 Avg Train Loss: 0.2939 Avg Valid Loss: 0.3332 / 
Epoch 54 Avg Train Loss: 0.2973 Avg Valid Loss: 0.3401 / 
Epoch 55 Avg Train Loss: 0.2920 Avg Valid Loss: 0.3183 / 
Epoch 56 Avg Train Loss: 0.2944 Avg Valid Loss: 0.3162 / 
Epoch 57 Avg Train Loss: 0.2887 Avg Valid Loss: 0.3398 / 
Epoch 58 Avg Train Loss: 0.2830 Avg Valid Loss: 0.3182 / 
Epoch 59 Avg Train Loss: 0.2882 Avg Valid Loss: 0.3377 / 
Epoch 60 Avg Train Loss: 0.2908 Avg Valid Loss: 0.3313 / 
Epoch 61 Avg Train Loss: 0.2925 Avg Valid Loss: 0.3171 / 
Epoch 62 Avg Train Loss: 0.2890 Avg Valid Loss: 0.3115 / 
Epoch 62 Save Best Valid Loss: 0.3115
Epoch 63 Avg Train Loss: 0.2885 Avg Valid Loss: 0.3202 / 
Epoch 64 Avg Train Loss: 0.2882 Avg Valid Loss: 0.3331 / 
Epoch 65 Avg Train Loss: 0.2867 Avg Valid Loss: 0.3231 / 
Epoch 66 Avg Train Loss: 0.2879 Avg Valid Loss: 0.3630 / 
Epoch 67 Avg Train Loss: 0.2858 Avg Valid Loss: 0.3478 / 
Epoch 68 Avg Train Loss: 0.2880 Avg Valid Loss: 0.3530 / 
Epoch 69 Avg Train Loss: 0.2797 Avg Valid Loss: 0.3275 / 
Epoch 70 Avg Train Loss: 0.2845 Avg Valid Loss: 0.3492 / 
Epoch 71 Avg Train Loss: 0.2855 Avg Valid Loss: 0.3315 / 
Epoch 72 Avg Train Loss: 0.2917 Avg Valid Loss: 0.3114 / 
Epoch 72 Save Best Valid Loss: 0.3114
Epoch 73 Avg Train Loss: 0.2866 Avg Valid Loss: 0.3261 / 
Epoch 74 Avg Train Loss: 0.2848 Avg Valid Loss: 0.3316 / 
Epoch 75 Avg Train Loss: 0.2793 Avg Valid Loss: 0.3151 / 
Epoch 76 Avg Train Loss: 0.2783 Avg Valid Loss: 0.3449 / 
Epoch 77 Avg Train Loss: 0.2764 Avg Valid Loss: 0.3295 / 
Epoch 78 Avg Train Loss: 0.2805 Avg Valid Loss: 0.3216 / 
Epoch 79 Avg Train Loss: 0.2787 Avg Valid Loss: 0.3325 / 
Epoch 80 Avg Train Loss: 0.2869 Avg Valid Loss: 0.3443 / 
Epoch 81 Avg Train Loss: 0.2826 Avg Valid Loss: 0.3180 / 
Epoch 82 Avg Train Loss: 0.2886 Avg Valid Loss: 0.3172 / 
Epoch 83 Avg Train Loss: 0.2836 Avg Valid Loss: 0.3298 / 
Epoch 84 Avg Train Loss: 0.2793 Avg Valid Loss: 0.3225 / 
Epoch 85 Avg Train Loss: 0.2789 Avg Valid Loss: 0.3203 / 
Epoch 86 Avg Train Loss: 0.2814 Avg Valid Loss: 0.3433 / 
Epoch 87 Avg Train Loss: 0.2817 Avg Valid Loss: 0.3302 / 
Epoch 88 Avg Train Loss: 0.2800 Avg Valid Loss: 0.3309 / 
Epoch 89 Avg Train Loss: 0.2802 Avg Valid Loss: 0.3243 / 
Epoch 90 Avg Train Loss: 0.2783 Avg Valid Loss: 0.3328 / 
Epoch 91 Avg Train Loss: 0.2769 Avg Valid Loss: 0.3244 / 
Epoch 92 Avg Train Loss: 0.2696 Avg Valid Loss: 0.3303 / 
Epoch 93 Avg Train Loss: 0.2802 Avg Valid Loss: 0.3217 / 
Epoch 94 Avg Train Loss: 0.2759 Avg Valid Loss: 0.3295 / 
Epoch 95 Avg Train Loss: 0.2788 Avg Valid Loss: 0.3331 / 
Epoch 96 Avg Train Loss: 0.2778 Avg Valid Loss: 0.3217 / 
Epoch 97 Avg Train Loss: 0.2780 Avg Valid Loss: 0.3259 / 
Epoch 98 Avg Train Loss: 0.2800 Avg Valid Loss: 0.3246 / 
Epoch 99 Avg Train Loss: 0.2768 Avg Valid Loss: 0.3294 / 
Epoch 100 Avg Train Loss: 0.2757 Avg Valid Loss: 0.3244 / 
========== fold: 1 stage: 2 result ==========
Score with best loss weights stage2: 0.3114
========== stage: 1 fold: 2 training 169 / 22 ==========
Epoch 1 Avg Train Loss: 0.5511 Avg Valid Loss: 0.6411 / 
Epoch 1 Save Best Valid Loss: 0.6411
Epoch 2 Avg Train Loss: 0.4737 Avg Valid Loss: 0.4383 / 
Epoch 2 Save Best Valid Loss: 0.4383
Epoch 3 Avg Train Loss: 0.4487 Avg Valid Loss: 0.4258 / 
Epoch 3 Save Best Valid Loss: 0.4258
Epoch 4 Avg Train Loss: 0.4321 Avg Valid Loss: 0.4219 / 
Epoch 4 Save Best Valid Loss: 0.4219
Epoch 5 Avg Train Loss: 0.4229 Avg Valid Loss: 0.4562 / 
Epoch 6 Avg Train Loss: 0.4201 Avg Valid Loss: 0.3932 / 
Epoch 6 Save Best Valid Loss: 0.3932
Epoch 7 Avg Train Loss: 0.4092 Avg Valid Loss: 0.3816 / 
Epoch 7 Save Best Valid Loss: 0.3816
Epoch 8 Avg Train Loss: 0.4094 Avg Valid Loss: 0.3843 / 
Epoch 9 Avg Train Loss: 0.4000 Avg Valid Loss: 0.3815 / 
Epoch 9 Save Best Valid Loss: 0.3815
Epoch 10 Avg Train Loss: 0.3935 Avg Valid Loss: 0.4102 / 
Epoch 11 Avg Train Loss: 0.3951 Avg Valid Loss: 0.3898 / 
Epoch 12 Avg Train Loss: 0.3860 Avg Valid Loss: 0.3851 / 
Epoch 13 Avg Train Loss: 0.3890 Avg Valid Loss: 0.3724 / 
Epoch 13 Save Best Valid Loss: 0.3724
Epoch 14 Avg Train Loss: 0.3843 Avg Valid Loss: 0.3929 / 
Epoch 15 Avg Train Loss: 0.3832 Avg Valid Loss: 0.3701 / 
Epoch 15 Save Best Valid Loss: 0.3701
Epoch 16 Avg Train Loss: 0.3790 Avg Valid Loss: 0.3727 / 
Epoch 17 Avg Train Loss: 0.3777 Avg Valid Loss: 0.3666 / 
Epoch 17 Save Best Valid Loss: 0.3666
Epoch 18 Avg Train Loss: 0.3789 Avg Valid Loss: 0.3718 / 
Epoch 19 Avg Train Loss: 0.3738 Avg Valid Loss: 0.3748 / 
Epoch 20 Avg Train Loss: 0.3773 Avg Valid Loss: 0.3738 / 
Epoch 21 Avg Train Loss: 0.3793 Avg Valid Loss: 0.3700 / 
Epoch 22 Avg Train Loss: 0.3694 Avg Valid Loss: 0.3511 / 
Epoch 22 Save Best Valid Loss: 0.3511
Epoch 23 Avg Train Loss: 0.3697 Avg Valid Loss: 0.3642 / 
Epoch 24 Avg Train Loss: 0.3679 Avg Valid Loss: 0.3663 / 
Epoch 25 Avg Train Loss: 0.3700 Avg Valid Loss: 0.3838 / 
Epoch 26 Avg Train Loss: 0.3666 Avg Valid Loss: 0.3790 / 
Epoch 27 Avg Train Loss: 0.3633 Avg Valid Loss: 0.3583 / 
Epoch 28 Avg Train Loss: 0.3641 Avg Valid Loss: 0.3718 / 
Epoch 29 Avg Train Loss: 0.3617 Avg Valid Loss: 0.3759 / 
Epoch 30 Avg Train Loss: 0.3596 Avg Valid Loss: 0.3788 / 
Epoch 31 Avg Train Loss: 0.3634 Avg Valid Loss: 0.3635 / 
Epoch 32 Avg Train Loss: 0.3621 Avg Valid Loss: 0.3805 / 
Epoch 33 Avg Train Loss: 0.3598 Avg Valid Loss: 0.3633 / 
Epoch 34 Avg Train Loss: 0.3572 Avg Valid Loss: 0.3558 / 
Epoch 35 Avg Train Loss: 0.3536 Avg Valid Loss: 0.3578 / 
Epoch 36 Avg Train Loss: 0.3606 Avg Valid Loss: 0.3478 / 
Epoch 36 Save Best Valid Loss: 0.3478
Epoch 37 Avg Train Loss: 0.3488 Avg Valid Loss: 0.3476 / 
Epoch 37 Save Best Valid Loss: 0.3476
Epoch 38 Avg Train Loss: 0.3526 Avg Valid Loss: 0.3490 / 
Epoch 39 Avg Train Loss: 0.3534 Avg Valid Loss: 0.3750 / 
Epoch 40 Avg Train Loss: 0.3606 Avg Valid Loss: 0.3664 / 
Epoch 41 Avg Train Loss: 0.3524 Avg Valid Loss: 0.3782 / 
Epoch 42 Avg Train Loss: 0.3530 Avg Valid Loss: 0.3541 / 
Epoch 43 Avg Train Loss: 0.3550 Avg Valid Loss: 0.3771 / 
Epoch 44 Avg Train Loss: 0.3481 Avg Valid Loss: 0.3587 / 
Epoch 45 Avg Train Loss: 0.3512 Avg Valid Loss: 0.3558 / 
Epoch 46 Avg Train Loss: 0.3493 Avg Valid Loss: 0.3521 / 
Epoch 47 Avg Train Loss: 0.3523 Avg Valid Loss: 0.3503 / 
Epoch 48 Avg Train Loss: 0.3446 Avg Valid Loss: 0.3619 / 
Epoch 49 Avg Train Loss: 0.3468 Avg Valid Loss: 0.3472 / 
Epoch 49 Save Best Valid Loss: 0.3472
Epoch 50 Avg Train Loss: 0.3501 Avg Valid Loss: 0.3699 / 
========== fold: 2 stage: 1 result ==========
Score with best loss weights stage1: 0.3472
========== stage: 2 fold: 2 training 81 / 11 ==========
Epoch 1 Avg Train Loss: 0.3915 Avg Valid Loss: 0.3452 / 
Epoch 1 Save Best Valid Loss: 0.3452
Epoch 2 Avg Train Loss: 0.3584 Avg Valid Loss: 0.3344 / 
Epoch 2 Save Best Valid Loss: 0.3344
Epoch 3 Avg Train Loss: 0.3503 Avg Valid Loss: 0.3387 / 
Epoch 4 Avg Train Loss: 0.3452 Avg Valid Loss: 0.3276 / 
Epoch 4 Save Best Valid Loss: 0.3276
Epoch 5 Avg Train Loss: 0.3318 Avg Valid Loss: 0.3332 / 
Epoch 6 Avg Train Loss: 0.3402 Avg Valid Loss: 0.3299 / 
Epoch 7 Avg Train Loss: 0.3377 Avg Valid Loss: 0.3567 / 
Epoch 8 Avg Train Loss: 0.3334 Avg Valid Loss: 0.3451 / 
Epoch 9 Avg Train Loss: 0.3299 Avg Valid Loss: 0.3203 / 
Epoch 9 Save Best Valid Loss: 0.3203
Epoch 10 Avg Train Loss: 0.3262 Avg Valid Loss: 0.3244 / 
Epoch 11 Avg Train Loss: 0.3306 Avg Valid Loss: 0.3347 / 
Epoch 12 Avg Train Loss: 0.3243 Avg Valid Loss: 0.3359 / 
Epoch 13 Avg Train Loss: 0.3253 Avg Valid Loss: 0.3258 / 
Epoch 14 Avg Train Loss: 0.3226 Avg Valid Loss: 0.3282 / 
Epoch 15 Avg Train Loss: 0.3213 Avg Valid Loss: 0.3241 / 
Epoch 16 Avg Train Loss: 0.3197 Avg Valid Loss: 0.3203 / 
Epoch 17 Avg Train Loss: 0.3250 Avg Valid Loss: 0.3238 / 
Epoch 18 Avg Train Loss: 0.3217 Avg Valid Loss: 0.3278 / 
Epoch 19 Avg Train Loss: 0.3181 Avg Valid Loss: 0.3213 / 
Epoch 20 Avg Train Loss: 0.3185 Avg Valid Loss: 0.3128 / 
Epoch 20 Save Best Valid Loss: 0.3128
Epoch 21 Avg Train Loss: 0.3183 Avg Valid Loss: 0.3214 / 
Epoch 22 Avg Train Loss: 0.3134 Avg Valid Loss: 0.3140 / 
Epoch 23 Avg Train Loss: 0.3192 Avg Valid Loss: 0.3307 / 
Epoch 24 Avg Train Loss: 0.3194 Avg Valid Loss: 0.3193 / 
Epoch 25 Avg Train Loss: 0.3072 Avg Valid Loss: 0.3177 / 
Epoch 26 Avg Train Loss: 0.3127 Avg Valid Loss: 0.3171 / 
Epoch 27 Avg Train Loss: 0.3079 Avg Valid Loss: 0.3094 / 
Epoch 27 Save Best Valid Loss: 0.3094
Epoch 28 Avg Train Loss: 0.3112 Avg Valid Loss: 0.3216 / 
Epoch 29 Avg Train Loss: 0.3128 Avg Valid Loss: 0.3264 / 
Epoch 30 Avg Train Loss: 0.3052 Avg Valid Loss: 0.3170 / 
Epoch 31 Avg Train Loss: 0.3053 Avg Valid Loss: 0.3288 / 
Epoch 32 Avg Train Loss: 0.3052 Avg Valid Loss: 0.3133 / 
Epoch 33 Avg Train Loss: 0.3053 Avg Valid Loss: 0.3158 / 
Epoch 34 Avg Train Loss: 0.3073 Avg Valid Loss: 0.3262 / 
Epoch 35 Avg Train Loss: 0.3031 Avg Valid Loss: 0.3031 / 
Epoch 35 Save Best Valid Loss: 0.3031
Epoch 36 Avg Train Loss: 0.3039 Avg Valid Loss: 0.3155 / 
Epoch 37 Avg Train Loss: 0.2993 Avg Valid Loss: 0.3106 / 
Epoch 38 Avg Train Loss: 0.3041 Avg Valid Loss: 0.3242 / 
Epoch 39 Avg Train Loss: 0.2967 Avg Valid Loss: 0.3234 / 
Epoch 40 Avg Train Loss: 0.2960 Avg Valid Loss: 0.3175 / 
Epoch 41 Avg Train Loss: 0.3024 Avg Valid Loss: 0.3136 / 
Epoch 42 Avg Train Loss: 0.3005 Avg Valid Loss: 0.3245 / 
Epoch 43 Avg Train Loss: 0.3032 Avg Valid Loss: 0.3152 / 
Epoch 44 Avg Train Loss: 0.3015 Avg Valid Loss: 0.3197 / 
Epoch 45 Avg Train Loss: 0.2998 Avg Valid Loss: 0.3243 / 
Epoch 46 Avg Train Loss: 0.2968 Avg Valid Loss: 0.3338 / 
Epoch 47 Avg Train Loss: 0.2998 Avg Valid Loss: 0.3277 / 
Epoch 48 Avg Train Loss: 0.2891 Avg Valid Loss: 0.3154 / 
Epoch 49 Avg Train Loss: 0.2941 Avg Valid Loss: 0.3335 / 
Epoch 50 Avg Train Loss: 0.2926 Avg Valid Loss: 0.3356 / 
Epoch 51 Avg Train Loss: 0.2930 Avg Valid Loss: 0.3274 / 
Epoch 52 Avg Train Loss: 0.2963 Avg Valid Loss: 0.3294 / 
Epoch 53 Avg Train Loss: 0.2962 Avg Valid Loss: 0.3183 / 
Epoch 54 Avg Train Loss: 0.2938 Avg Valid Loss: 0.3194 / 
Epoch 55 Avg Train Loss: 0.2991 Avg Valid Loss: 0.3270 / 
Epoch 56 Avg Train Loss: 0.3013 Avg Valid Loss: 0.3134 / 
Epoch 57 Avg Train Loss: 0.2969 Avg Valid Loss: 0.3161 / 
Epoch 58 Avg Train Loss: 0.2925 Avg Valid Loss: 0.3128 / 
Epoch 59 Avg Train Loss: 0.2947 Avg Valid Loss: 0.3131 / 
Epoch 60 Avg Train Loss: 0.2932 Avg Valid Loss: 0.3267 / 
Epoch 61 Avg Train Loss: 0.2923 Avg Valid Loss: 0.3126 / 
Epoch 62 Avg Train Loss: 0.2969 Avg Valid Loss: 0.3166 / 
Epoch 63 Avg Train Loss: 0.2965 Avg Valid Loss: 0.3164 / 
Epoch 64 Avg Train Loss: 0.2902 Avg Valid Loss: 0.3260 / 
Epoch 65 Avg Train Loss: 0.2952 Avg Valid Loss: 0.3263 / 
Epoch 66 Avg Train Loss: 0.2903 Avg Valid Loss: 0.3362 / 
Epoch 67 Avg Train Loss: 0.2934 Avg Valid Loss: 0.3414 / 
Epoch 68 Avg Train Loss: 0.2859 Avg Valid Loss: 0.3272 / 
Epoch 69 Avg Train Loss: 0.2942 Avg Valid Loss: 0.3400 / 
Epoch 70 Avg Train Loss: 0.2918 Avg Valid Loss: 0.3291 / 
Epoch 71 Avg Train Loss: 0.2840 Avg Valid Loss: 0.3341 / 
Epoch 72 Avg Train Loss: 0.2920 Avg Valid Loss: 0.3349 / 
Epoch 73 Avg Train Loss: 0.2820 Avg Valid Loss: 0.3395 / 
Epoch 74 Avg Train Loss: 0.2894 Avg Valid Loss: 0.3213 / 
Epoch 75 Avg Train Loss: 0.2824 Avg Valid Loss: 0.3259 / 
Epoch 76 Avg Train Loss: 0.2897 Avg Valid Loss: 0.3082 / 
Epoch 77 Avg Train Loss: 0.2924 Avg Valid Loss: 0.3313 / 
Epoch 78 Avg Train Loss: 0.2909 Avg Valid Loss: 0.3283 / 
Epoch 79 Avg Train Loss: 0.2871 Avg Valid Loss: 0.3149 / 
Epoch 80 Avg Train Loss: 0.2827 Avg Valid Loss: 0.3177 / 
Epoch 81 Avg Train Loss: 0.2863 Avg Valid Loss: 0.3172 / 
Epoch 82 Avg Train Loss: 0.2857 Avg Valid Loss: 0.3191 / 
Epoch 83 Avg Train Loss: 0.2843 Avg Valid Loss: 0.3177 / 
Epoch 84 Avg Train Loss: 0.2892 Avg Valid Loss: 0.3176 / 
Epoch 85 Avg Train Loss: 0.2852 Avg Valid Loss: 0.3165 / 
Epoch 86 Avg Train Loss: 0.2827 Avg Valid Loss: 0.3173 / 
Epoch 87 Avg Train Loss: 0.2884 Avg Valid Loss: 0.3174 / 
Epoch 88 Avg Train Loss: 0.2834 Avg Valid Loss: 0.3168 / 
Epoch 89 Avg Train Loss: 0.2891 Avg Valid Loss: 0.3175 / 
Epoch 90 Avg Train Loss: 0.2799 Avg Valid Loss: 0.3168 / 
Epoch 91 Avg Train Loss: 0.2851 Avg Valid Loss: 0.3171 / 
Epoch 92 Avg Train Loss: 0.2795 Avg Valid Loss: 0.3190 / 
Epoch 93 Avg Train Loss: 0.2887 Avg Valid Loss: 0.3156 / 
Epoch 94 Avg Train Loss: 0.2822 Avg Valid Loss: 0.3169 / 
Epoch 95 Avg Train Loss: 0.2839 Avg Valid Loss: 0.3165 / 
Epoch 96 Avg Train Loss: 0.2873 Avg Valid Loss: 0.3187 / 
Epoch 97 Avg Train Loss: 0.2834 Avg Valid Loss: 0.3161 / 
Epoch 98 Avg Train Loss: 0.2852 Avg Valid Loss: 0.3155 / 
Epoch 99 Avg Train Loss: 0.2792 Avg Valid Loss: 0.3149 / 
Epoch 100 Avg Train Loss: 0.2830 Avg Valid Loss: 0.3179 / 
========== fold: 2 stage: 2 result ==========
Score with best loss weights stage2: 0.3031
========== stage: 1 fold: 3 training 169 / 22 ==========
Epoch 1 Avg Train Loss: 0.5532 Avg Valid Loss: 0.5346 / 
Epoch 1 Save Best Valid Loss: 0.5346
Epoch 2 Avg Train Loss: 0.4724 Avg Valid Loss: 0.4569 / 
Epoch 2 Save Best Valid Loss: 0.4569
Epoch 3 Avg Train Loss: 0.4478 Avg Valid Loss: 0.4457 / 
Epoch 3 Save Best Valid Loss: 0.4457
Epoch 4 Avg Train Loss: 0.4339 Avg Valid Loss: 0.4304 / 
Epoch 4 Save Best Valid Loss: 0.4304
Epoch 5 Avg Train Loss: 0.4218 Avg Valid Loss: 0.4170 / 
Epoch 5 Save Best Valid Loss: 0.4170
Epoch 6 Avg Train Loss: 0.4155 Avg Valid Loss: 0.4066 / 
Epoch 6 Save Best Valid Loss: 0.4066
Epoch 7 Avg Train Loss: 0.4118 Avg Valid Loss: 0.4009 / 
Epoch 7 Save Best Valid Loss: 0.4009
Epoch 8 Avg Train Loss: 0.4051 Avg Valid Loss: 0.4039 / 
Epoch 9 Avg Train Loss: 0.4009 Avg Valid Loss: 0.3858 / 
Epoch 9 Save Best Valid Loss: 0.3858
Epoch 10 Avg Train Loss: 0.3914 Avg Valid Loss: 0.4366 / 
Epoch 11 Avg Train Loss: 0.3888 Avg Valid Loss: 0.3829 / 
Epoch 11 Save Best Valid Loss: 0.3829
Epoch 12 Avg Train Loss: 0.3856 Avg Valid Loss: 0.4065 / 
Epoch 13 Avg Train Loss: 0.3883 Avg Valid Loss: 0.3980 / 
Epoch 14 Avg Train Loss: 0.3869 Avg Valid Loss: 0.4136 / 
Epoch 15 Avg Train Loss: 0.3855 Avg Valid Loss: 0.3920 / 
Epoch 16 Avg Train Loss: 0.3837 Avg Valid Loss: 0.3755 / 
Epoch 16 Save Best Valid Loss: 0.3755
Epoch 17 Avg Train Loss: 0.3780 Avg Valid Loss: 0.3696 / 
Epoch 17 Save Best Valid Loss: 0.3696
Epoch 18 Avg Train Loss: 0.3750 Avg Valid Loss: 0.3762 / 
Epoch 19 Avg Train Loss: 0.3740 Avg Valid Loss: 0.3839 / 
Epoch 20 Avg Train Loss: 0.3752 Avg Valid Loss: 0.3719 / 
Epoch 21 Avg Train Loss: 0.3682 Avg Valid Loss: 0.4001 / 
Epoch 22 Avg Train Loss: 0.3713 Avg Valid Loss: 0.3699 / 
Epoch 23 Avg Train Loss: 0.3688 Avg Valid Loss: 0.3678 / 
Epoch 23 Save Best Valid Loss: 0.3678
Epoch 24 Avg Train Loss: 0.3655 Avg Valid Loss: 0.3698 / 
Epoch 25 Avg Train Loss: 0.3633 Avg Valid Loss: 0.3775 / 
Epoch 26 Avg Train Loss: 0.3623 Avg Valid Loss: 0.3722 / 
Epoch 27 Avg Train Loss: 0.3671 Avg Valid Loss: 0.3615 / 
Epoch 27 Save Best Valid Loss: 0.3615
Epoch 28 Avg Train Loss: 0.3594 Avg Valid Loss: 0.3821 / 
Epoch 29 Avg Train Loss: 0.3631 Avg Valid Loss: 0.3554 / 
Epoch 29 Save Best Valid Loss: 0.3554
Epoch 30 Avg Train Loss: 0.3622 Avg Valid Loss: 0.3790 / 
Epoch 31 Avg Train Loss: 0.3566 Avg Valid Loss: 0.3566 / 
Epoch 32 Avg Train Loss: 0.3575 Avg Valid Loss: 0.3655 / 
Epoch 33 Avg Train Loss: 0.3586 Avg Valid Loss: 0.3704 / 
Epoch 34 Avg Train Loss: 0.3522 Avg Valid Loss: 0.3569 / 
Epoch 35 Avg Train Loss: 0.3525 Avg Valid Loss: 0.3619 / 
Epoch 36 Avg Train Loss: 0.3529 Avg Valid Loss: 0.3580 / 
Epoch 37 Avg Train Loss: 0.3536 Avg Valid Loss: 0.3698 / 
Epoch 38 Avg Train Loss: 0.3532 Avg Valid Loss: 0.3638 / 
Epoch 39 Avg Train Loss: 0.3516 Avg Valid Loss: 0.3583 / 
Epoch 40 Avg Train Loss: 0.3488 Avg Valid Loss: 0.3751 / 
Epoch 41 Avg Train Loss: 0.3485 Avg Valid Loss: 0.3589 / 
Epoch 42 Avg Train Loss: 0.3465 Avg Valid Loss: 0.3509 / 
Epoch 42 Save Best Valid Loss: 0.3509
Epoch 43 Avg Train Loss: 0.3501 Avg Valid Loss: 0.3505 / 
Epoch 43 Save Best Valid Loss: 0.3505
Epoch 44 Avg Train Loss: 0.3508 Avg Valid Loss: 0.3551 / 
Epoch 45 Avg Train Loss: 0.3470 Avg Valid Loss: 0.3823 / 
Epoch 46 Avg Train Loss: 0.3461 Avg Valid Loss: 0.3655 / 
Epoch 47 Avg Train Loss: 0.3475 Avg Valid Loss: 0.3558 / 
Epoch 48 Avg Train Loss: 0.3452 Avg Valid Loss: 0.3552 / 
Epoch 49 Avg Train Loss: 0.3474 Avg Valid Loss: 0.3443 / 
Epoch 49 Save Best Valid Loss: 0.3443
Epoch 50 Avg Train Loss: 0.3440 Avg Valid Loss: 0.3409 / 
Epoch 50 Save Best Valid Loss: 0.3409
========== fold: 3 stage: 1 result ==========
Score with best loss weights stage1: 0.3409
========== stage: 2 fold: 3 training 81 / 11 ==========
Epoch 1 Avg Train Loss: 0.3807 Avg Valid Loss: 0.3286 / 
Epoch 1 Save Best Valid Loss: 0.3286
Epoch 2 Avg Train Loss: 0.3484 Avg Valid Loss: 0.3308 / 
Epoch 3 Avg Train Loss: 0.3454 Avg Valid Loss: 0.3338 / 
Epoch 4 Avg Train Loss: 0.3400 Avg Valid Loss: 0.3262 / 
Epoch 4 Save Best Valid Loss: 0.3262
Epoch 5 Avg Train Loss: 0.3378 Avg Valid Loss: 0.3287 / 
Epoch 6 Avg Train Loss: 0.3313 Avg Valid Loss: 0.3650 / 
Epoch 7 Avg Train Loss: 0.3333 Avg Valid Loss: 0.3406 / 
Epoch 8 Avg Train Loss: 0.3281 Avg Valid Loss: 0.3456 / 
Epoch 9 Avg Train Loss: 0.3234 Avg Valid Loss: 0.3360 / 
Epoch 10 Avg Train Loss: 0.3238 Avg Valid Loss: 0.3324 / 
Epoch 11 Avg Train Loss: 0.3214 Avg Valid Loss: 0.3296 / 
Epoch 12 Avg Train Loss: 0.3173 Avg Valid Loss: 0.3303 / 
Epoch 13 Avg Train Loss: 0.3172 Avg Valid Loss: 0.3168 / 
Epoch 13 Save Best Valid Loss: 0.3168
Epoch 14 Avg Train Loss: 0.3217 Avg Valid Loss: 0.3268 / 
Epoch 15 Avg Train Loss: 0.3127 Avg Valid Loss: 0.3417 / 
Epoch 16 Avg Train Loss: 0.3125 Avg Valid Loss: 0.3289 / 
Epoch 17 Avg Train Loss: 0.3100 Avg Valid Loss: 0.3189 / 
Epoch 18 Avg Train Loss: 0.3138 Avg Valid Loss: 0.3150 / 
Epoch 18 Save Best Valid Loss: 0.3150
Epoch 19 Avg Train Loss: 0.3120 Avg Valid Loss: 0.3184 / 
Epoch 20 Avg Train Loss: 0.3112 Avg Valid Loss: 0.3229 / 
Epoch 21 Avg Train Loss: 0.3045 Avg Valid Loss: 0.3103 / 
Epoch 21 Save Best Valid Loss: 0.3103
Epoch 22 Avg Train Loss: 0.3075 Avg Valid Loss: 0.3184 / 
Epoch 23 Avg Train Loss: 0.3052 Avg Valid Loss: 0.3205 / 
Epoch 24 Avg Train Loss: 0.3026 Avg Valid Loss: 0.3145 / 
Epoch 25 Avg Train Loss: 0.3063 Avg Valid Loss: 0.3269 / 
Epoch 26 Avg Train Loss: 0.3022 Avg Valid Loss: 0.3614 / 
Epoch 27 Avg Train Loss: 0.3067 Avg Valid Loss: 0.3757 / 
Epoch 28 Avg Train Loss: 0.3081 Avg Valid Loss: 0.3317 / 
Epoch 29 Avg Train Loss: 0.3020 Avg Valid Loss: 0.3219 / 
Epoch 30 Avg Train Loss: 0.3044 Avg Valid Loss: 0.3320 / 
Epoch 31 Avg Train Loss: 0.2973 Avg Valid Loss: 0.3084 / 
Epoch 31 Save Best Valid Loss: 0.3084
Epoch 32 Avg Train Loss: 0.3017 Avg Valid Loss: 0.3343 / 
Epoch 33 Avg Train Loss: 0.3010 Avg Valid Loss: 0.3292 / 
Epoch 34 Avg Train Loss: 0.2965 Avg Valid Loss: 0.3292 / 
Epoch 35 Avg Train Loss: 0.3077 Avg Valid Loss: 0.3253 / 
Epoch 36 Avg Train Loss: 0.2963 Avg Valid Loss: 0.3058 / 
Epoch 36 Save Best Valid Loss: 0.3058
Epoch 37 Avg Train Loss: 0.2974 Avg Valid Loss: 0.3311 / 
Epoch 38 Avg Train Loss: 0.2962 Avg Valid Loss: 0.3186 / 
Epoch 39 Avg Train Loss: 0.2947 Avg Valid Loss: 0.3366 / 
Epoch 40 Avg Train Loss: 0.2974 Avg Valid Loss: 0.3064 / 
Epoch 41 Avg Train Loss: 0.2962 Avg Valid Loss: 0.3077 / 
Epoch 42 Avg Train Loss: 0.2945 Avg Valid Loss: 0.3074 / 
Epoch 43 Avg Train Loss: 0.2903 Avg Valid Loss: 0.3121 / 
Epoch 44 Avg Train Loss: 0.2914 Avg Valid Loss: 0.3187 / 
Epoch 45 Avg Train Loss: 0.2972 Avg Valid Loss: 0.3436 / 
Epoch 46 Avg Train Loss: 0.2969 Avg Valid Loss: 0.3039 / 
Epoch 46 Save Best Valid Loss: 0.3039
Epoch 47 Avg Train Loss: 0.2897 Avg Valid Loss: 0.3099 / 
Epoch 48 Avg Train Loss: 0.2902 Avg Valid Loss: 0.3416 / 
Epoch 49 Avg Train Loss: 0.2956 Avg Valid Loss: 0.3147 / 
Epoch 50 Avg Train Loss: 0.2892 Avg Valid Loss: 0.3159 / 
Epoch 51 Avg Train Loss: 0.2960 Avg Valid Loss: 0.3071 / 
Epoch 52 Avg Train Loss: 0.2982 Avg Valid Loss: 0.3090 / 
Epoch 53 Avg Train Loss: 0.2863 Avg Valid Loss: 0.3112 / 
Epoch 54 Avg Train Loss: 0.2932 Avg Valid Loss: 0.3056 / 
Epoch 55 Avg Train Loss: 0.2927 Avg Valid Loss: 0.3166 / 
Epoch 56 Avg Train Loss: 0.2931 Avg Valid Loss: 0.3125 / 
Epoch 57 Avg Train Loss: 0.2900 Avg Valid Loss: 0.3131 / 
Epoch 58 Avg Train Loss: 0.2830 Avg Valid Loss: 0.3028 / 
Epoch 58 Save Best Valid Loss: 0.3028
Epoch 59 Avg Train Loss: 0.2796 Avg Valid Loss: 0.3207 / 
Epoch 60 Avg Train Loss: 0.2839 Avg Valid Loss: 0.3269 / 
Epoch 61 Avg Train Loss: 0.2863 Avg Valid Loss: 0.3206 / 
Epoch 62 Avg Train Loss: 0.2813 Avg Valid Loss: 0.3289 / 
Epoch 63 Avg Train Loss: 0.2794 Avg Valid Loss: 0.3200 / 
Epoch 64 Avg Train Loss: 0.2838 Avg Valid Loss: 0.3219 / 
Epoch 65 Avg Train Loss: 0.2900 Avg Valid Loss: 0.3201 / 
Epoch 66 Avg Train Loss: 0.2909 Avg Valid Loss: 0.3103 / 
Epoch 67 Avg Train Loss: 0.2828 Avg Valid Loss: 0.3124 / 
Epoch 68 Avg Train Loss: 0.2882 Avg Valid Loss: 0.3129 / 
Epoch 69 Avg Train Loss: 0.2864 Avg Valid Loss: 0.3117 / 
Epoch 70 Avg Train Loss: 0.2816 Avg Valid Loss: 0.3148 / 
Epoch 71 Avg Train Loss: 0.2825 Avg Valid Loss: 0.3107 / 
Epoch 72 Avg Train Loss: 0.2875 Avg Valid Loss: 0.3116 / 
Epoch 73 Avg Train Loss: 0.2853 Avg Valid Loss: 0.3092 / 
Epoch 74 Avg Train Loss: 0.2825 Avg Valid Loss: 0.3158 / 
Epoch 75 Avg Train Loss: 0.2851 Avg Valid Loss: 0.3095 / 
Epoch 76 Avg Train Loss: 0.2828 Avg Valid Loss: 0.3124 / 
Epoch 77 Avg Train Loss: 0.2869 Avg Valid Loss: 0.3140 / 
Epoch 78 Avg Train Loss: 0.2855 Avg Valid Loss: 0.3140 / 
Epoch 79 Avg Train Loss: 0.2822 Avg Valid Loss: 0.3116 / 
Epoch 80 Avg Train Loss: 0.2822 Avg Valid Loss: 0.3129 / 
Epoch 81 Avg Train Loss: 0.2839 Avg Valid Loss: 0.3118 / 
Epoch 82 Avg Train Loss: 0.2822 Avg Valid Loss: 0.3161 / 
Epoch 83 Avg Train Loss: 0.2882 Avg Valid Loss: 0.3136 / 
Epoch 84 Avg Train Loss: 0.2805 Avg Valid Loss: 0.3150 / 
Epoch 85 Avg Train Loss: 0.2835 Avg Valid Loss: 0.3119 / 
Epoch 86 Avg Train Loss: 0.2819 Avg Valid Loss: 0.3148 / 
Epoch 87 Avg Train Loss: 0.2874 Avg Valid Loss: 0.3129 / 
Epoch 88 Avg Train Loss: 0.2843 Avg Valid Loss: 0.3131 / 
Epoch 89 Avg Train Loss: 0.2829 Avg Valid Loss: 0.3147 / 
Epoch 90 Avg Train Loss: 0.2814 Avg Valid Loss: 0.3117 / 
Epoch 91 Avg Train Loss: 0.2920 Avg Valid Loss: 0.3135 / 
Epoch 92 Avg Train Loss: 0.2850 Avg Valid Loss: 0.3103 / 
Epoch 93 Avg Train Loss: 0.2847 Avg Valid Loss: 0.3122 / 
Epoch 94 Avg Train Loss: 0.2812 Avg Valid Loss: 0.3138 / 
Epoch 95 Avg Train Loss: 0.2866 Avg Valid Loss: 0.3124 / 
Epoch 96 Avg Train Loss: 0.2842 Avg Valid Loss: 0.3128 / 
Epoch 97 Avg Train Loss: 0.2864 Avg Valid Loss: 0.3121 / 
Epoch 98 Avg Train Loss: 0.2815 Avg Valid Loss: 0.3129 / 
Epoch 99 Avg Train Loss: 0.2896 Avg Valid Loss: 0.3132 / 
Epoch 100 Avg Train Loss: 0.2832 Avg Valid Loss: 0.3130 / 
========== fold: 3 stage: 2 result ==========
Score with best loss weights stage2: 0.3028
========== stage: 1 fold: 4 training 169 / 22 ==========
Epoch 1 Avg Train Loss: 0.5677 Avg Valid Loss: 0.5182 / 
Epoch 1 Save Best Valid Loss: 0.5182
Epoch 2 Avg Train Loss: 0.4681 Avg Valid Loss: 0.4525 / 
Epoch 2 Save Best Valid Loss: 0.4525
Epoch 3 Avg Train Loss: 0.4415 Avg Valid Loss: 0.4653 / 
Epoch 4 Avg Train Loss: 0.4298 Avg Valid Loss: 0.4610 / 
Epoch 5 Avg Train Loss: 0.4146 Avg Valid Loss: 0.4052 / 
Epoch 5 Save Best Valid Loss: 0.4052
Epoch 6 Avg Train Loss: 0.4113 Avg Valid Loss: 0.4156 / 
Epoch 7 Avg Train Loss: 0.4037 Avg Valid Loss: 0.4267 / 
Epoch 8 Avg Train Loss: 0.3997 Avg Valid Loss: 0.3923 / 
Epoch 8 Save Best Valid Loss: 0.3923
Epoch 9 Avg Train Loss: 0.3990 Avg Valid Loss: 0.3918 / 
Epoch 9 Save Best Valid Loss: 0.3918
Epoch 10 Avg Train Loss: 0.3944 Avg Valid Loss: 0.4062 / 
Epoch 11 Avg Train Loss: 0.3893 Avg Valid Loss: 0.3883 / 
Epoch 11 Save Best Valid Loss: 0.3883
Epoch 12 Avg Train Loss: 0.3789 Avg Valid Loss: 0.4417 / 
Epoch 13 Avg Train Loss: 0.3819 Avg Valid Loss: 0.3995 / 
Epoch 14 Avg Train Loss: 0.3790 Avg Valid Loss: 0.3865 / 
Epoch 14 Save Best Valid Loss: 0.3865
Epoch 15 Avg Train Loss: 0.3750 Avg Valid Loss: 0.3812 / 
Epoch 15 Save Best Valid Loss: 0.3812
Epoch 16 Avg Train Loss: 0.3736 Avg Valid Loss: 0.3941 / 
Epoch 17 Avg Train Loss: 0.3706 Avg Valid Loss: 0.3860 / 
Epoch 18 Avg Train Loss: 0.3720 Avg Valid Loss: 0.3929 / 
Epoch 19 Avg Train Loss: 0.3672 Avg Valid Loss: 0.4365 / 
Epoch 20 Avg Train Loss: 0.3698 Avg Valid Loss: 0.3736 / 
Epoch 20 Save Best Valid Loss: 0.3736
Epoch 21 Avg Train Loss: 0.3623 Avg Valid Loss: 0.4218 / 
Epoch 22 Avg Train Loss: 0.3635 Avg Valid Loss: 0.3992 / 
Epoch 23 Avg Train Loss: 0.3660 Avg Valid Loss: 0.3874 / 
Epoch 24 Avg Train Loss: 0.3613 Avg Valid Loss: 0.3959 / 
Epoch 25 Avg Train Loss: 0.3561 Avg Valid Loss: 0.3966 / 
Epoch 26 Avg Train Loss: 0.3600 Avg Valid Loss: 0.3963 / 
Epoch 27 Avg Train Loss: 0.3564 Avg Valid Loss: 0.3833 / 
Epoch 28 Avg Train Loss: 0.3561 Avg Valid Loss: 0.3967 / 
Epoch 29 Avg Train Loss: 0.3529 Avg Valid Loss: 0.3876 / 
Epoch 30 Avg Train Loss: 0.3535 Avg Valid Loss: 0.4010 / 
Epoch 31 Avg Train Loss: 0.3525 Avg Valid Loss: 0.3830 / 
Epoch 32 Avg Train Loss: 0.3519 Avg Valid Loss: 0.4519 / 
Epoch 33 Avg Train Loss: 0.3494 Avg Valid Loss: 0.3943 / 
Epoch 34 Avg Train Loss: 0.3491 Avg Valid Loss: 0.3823 / 
Epoch 35 Avg Train Loss: 0.3507 Avg Valid Loss: 0.4161 / 
Epoch 36 Avg Train Loss: 0.3469 Avg Valid Loss: 0.4110 / 
Epoch 37 Avg Train Loss: 0.3448 Avg Valid Loss: 0.3745 / 
Epoch 38 Avg Train Loss: 0.3463 Avg Valid Loss: 0.3906 / 
Epoch 39 Avg Train Loss: 0.3439 Avg Valid Loss: 0.4107 / 
Epoch 40 Avg Train Loss: 0.3423 Avg Valid Loss: 0.3909 / 
Epoch 41 Avg Train Loss: 0.3479 Avg Valid Loss: 0.3992 / 
Epoch 42 Avg Train Loss: 0.3466 Avg Valid Loss: 0.3819 / 
Epoch 43 Avg Train Loss: 0.3473 Avg Valid Loss: 0.3652 / 
Epoch 43 Save Best Valid Loss: 0.3652
Epoch 44 Avg Train Loss: 0.3439 Avg Valid Loss: 0.3943 / 
Epoch 45 Avg Train Loss: 0.3415 Avg Valid Loss: 0.4032 / 
Epoch 46 Avg Train Loss: 0.3383 Avg Valid Loss: 0.3868 / 
Epoch 47 Avg Train Loss: 0.3407 Avg Valid Loss: 0.4022 / 
Epoch 48 Avg Train Loss: 0.3378 Avg Valid Loss: 0.3966 / 
Epoch 49 Avg Train Loss: 0.3406 Avg Valid Loss: 0.4079 / 
Epoch 50 Avg Train Loss: 0.3407 Avg Valid Loss: 0.3859 / 
========== fold: 4 stage: 1 result ==========
Score with best loss weights stage1: 0.3652
========== stage: 2 fold: 4 training 81 / 11 ==========
Epoch 1 Avg Train Loss: 0.3865 Avg Valid Loss: 0.3260 / 
Epoch 1 Save Best Valid Loss: 0.3260
Epoch 2 Avg Train Loss: 0.3586 Avg Valid Loss: 0.3299 / 
Epoch 3 Avg Train Loss: 0.3422 Avg Valid Loss: 0.3466 / 
Epoch 4 Avg Train Loss: 0.3403 Avg Valid Loss: 0.3372 / 
Epoch 5 Avg Train Loss: 0.3308 Avg Valid Loss: 0.3317 / 
Epoch 6 Avg Train Loss: 0.3365 Avg Valid Loss: 0.3385 / 
Epoch 7 Avg Train Loss: 0.3310 Avg Valid Loss: 0.3361 / 
Epoch 8 Avg Train Loss: 0.3211 Avg Valid Loss: 0.3485 / 
Epoch 9 Avg Train Loss: 0.3276 Avg Valid Loss: 0.3441 / 
Epoch 10 Avg Train Loss: 0.3342 Avg Valid Loss: 0.3600 / 
Epoch 11 Avg Train Loss: 0.3229 Avg Valid Loss: 0.3384 / 
Epoch 12 Avg Train Loss: 0.3299 Avg Valid Loss: 0.3486 / 
Epoch 13 Avg Train Loss: 0.3139 Avg Valid Loss: 0.3172 / 
Epoch 13 Save Best Valid Loss: 0.3172
Epoch 14 Avg Train Loss: 0.3181 Avg Valid Loss: 0.3231 / 
Epoch 15 Avg Train Loss: 0.3205 Avg Valid Loss: 0.3328 / 
Epoch 16 Avg Train Loss: 0.3103 Avg Valid Loss: 0.3415 / 
Epoch 17 Avg Train Loss: 0.3175 Avg Valid Loss: 0.3267 / 
Epoch 18 Avg Train Loss: 0.3132 Avg Valid Loss: 0.3083 / 
Epoch 18 Save Best Valid Loss: 0.3083
Epoch 19 Avg Train Loss: 0.3069 Avg Valid Loss: 0.3292 / 
Epoch 20 Avg Train Loss: 0.3086 Avg Valid Loss: 0.3195 / 
Epoch 21 Avg Train Loss: 0.3109 Avg Valid Loss: 0.3195 / 
Epoch 22 Avg Train Loss: 0.3074 Avg Valid Loss: 0.3132 / 
Epoch 23 Avg Train Loss: 0.3072 Avg Valid Loss: 0.3173 / 
Epoch 24 Avg Train Loss: 0.3071 Avg Valid Loss: 0.3119 / 
Epoch 25 Avg Train Loss: 0.3065 Avg Valid Loss: 0.3199 / 
Epoch 26 Avg Train Loss: 0.3053 Avg Valid Loss: 0.3509 / 
Epoch 27 Avg Train Loss: 0.3028 Avg Valid Loss: 0.3185 / 
Epoch 28 Avg Train Loss: 0.3095 Avg Valid Loss: 0.3241 / 
Epoch 29 Avg Train Loss: 0.3064 Avg Valid Loss: 0.3486 / 
Epoch 30 Avg Train Loss: 0.2986 Avg Valid Loss: 0.3237 / 
Epoch 31 Avg Train Loss: 0.2997 Avg Valid Loss: 0.3258 / 
Epoch 32 Avg Train Loss: 0.2982 Avg Valid Loss: 0.3371 / 
Epoch 33 Avg Train Loss: 0.2962 Avg Valid Loss: 0.3227 / 
Epoch 34 Avg Train Loss: 0.2979 Avg Valid Loss: 0.3189 / 
Epoch 35 Avg Train Loss: 0.3012 Avg Valid Loss: 0.3245 / 
Epoch 36 Avg Train Loss: 0.2912 Avg Valid Loss: 0.3224 / 
Epoch 37 Avg Train Loss: 0.2985 Avg Valid Loss: 0.3145 / 
Epoch 38 Avg Train Loss: 0.2909 Avg Valid Loss: 0.3203 / 
Epoch 39 Avg Train Loss: 0.3000 Avg Valid Loss: 0.3175 / 
Epoch 40 Avg Train Loss: 0.2959 Avg Valid Loss: 0.3147 / 
Epoch 41 Avg Train Loss: 0.2886 Avg Valid Loss: 0.3114 / 
Epoch 42 Avg Train Loss: 0.2905 Avg Valid Loss: 0.3061 / 
Epoch 42 Save Best Valid Loss: 0.3061
Epoch 43 Avg Train Loss: 0.2894 Avg Valid Loss: 0.3042 / 
Epoch 43 Save Best Valid Loss: 0.3042
Epoch 44 Avg Train Loss: 0.2940 Avg Valid Loss: 0.3077 / 
Epoch 45 Avg Train Loss: 0.2868 Avg Valid Loss: 0.3372 / 
Epoch 46 Avg Train Loss: 0.2873 Avg Valid Loss: 0.3344 / 
Epoch 47 Avg Train Loss: 0.2948 Avg Valid Loss: 0.3604 / 
Epoch 48 Avg Train Loss: 0.2934 Avg Valid Loss: 0.3301 / 
Epoch 49 Avg Train Loss: 0.2907 Avg Valid Loss: 0.3345 / 
Epoch 50 Avg Train Loss: 0.2978 Avg Valid Loss: 0.3184 / 
Epoch 51 Avg Train Loss: 0.2843 Avg Valid Loss: 0.3396 / 
Epoch 52 Avg Train Loss: 0.2886 Avg Valid Loss: 0.3186 / 
Epoch 53 Avg Train Loss: 0.2918 Avg Valid Loss: 0.3178 / 
Epoch 54 Avg Train Loss: 0.2852 Avg Valid Loss: 0.3155 / 
Epoch 55 Avg Train Loss: 0.2839 Avg Valid Loss: 0.3319 / 
Epoch 56 Avg Train Loss: 0.2871 Avg Valid Loss: 0.3105 / 
Epoch 57 Avg Train Loss: 0.2869 Avg Valid Loss: 0.3219 / 
Epoch 58 Avg Train Loss: 0.2834 Avg Valid Loss: 0.3235 / 
Epoch 59 Avg Train Loss: 0.2861 Avg Valid Loss: 0.3236 / 
Epoch 60 Avg Train Loss: 0.2844 Avg Valid Loss: 0.3165 / 
Epoch 61 Avg Train Loss: 0.2884 Avg Valid Loss: 0.3116 / 
Epoch 62 Avg Train Loss: 0.2871 Avg Valid Loss: 0.3051 / 
Epoch 63 Avg Train Loss: 0.2801 Avg Valid Loss: 0.3074 / 
Epoch 64 Avg Train Loss: 0.2832 Avg Valid Loss: 0.3077 / 
Epoch 65 Avg Train Loss: 0.2727 Avg Valid Loss: 0.3126 / 
Epoch 66 Avg Train Loss: 0.2751 Avg Valid Loss: 0.3048 / 
Epoch 67 Avg Train Loss: 0.2787 Avg Valid Loss: 0.3065 / 
Epoch 68 Avg Train Loss: 0.2804 Avg Valid Loss: 0.3054 / 
Epoch 69 Avg Train Loss: 0.2766 Avg Valid Loss: 0.3078 / 
Epoch 70 Avg Train Loss: 0.2802 Avg Valid Loss: 0.3086 / 
Epoch 71 Avg Train Loss: 0.2773 Avg Valid Loss: 0.3073 / 
Epoch 72 Avg Train Loss: 0.2742 Avg Valid Loss: 0.3067 / 
Epoch 73 Avg Train Loss: 0.2791 Avg Valid Loss: 0.3068 / 
Epoch 74 Avg Train Loss: 0.2734 Avg Valid Loss: 0.3070 / 
Epoch 75 Avg Train Loss: 0.2776 Avg Valid Loss: 0.3071 / 
Epoch 76 Avg Train Loss: 0.2713 Avg Valid Loss: 0.3091 / 
Epoch 77 Avg Train Loss: 0.2784 Avg Valid Loss: 0.3066 / 
Epoch 78 Avg Train Loss: 0.2787 Avg Valid Loss: 0.3057 / 
Epoch 79 Avg Train Loss: 0.2696 Avg Valid Loss: 0.3063 / 
Epoch 80 Avg Train Loss: 0.2750 Avg Valid Loss: 0.3054 / 
Epoch 81 Avg Train Loss: 0.2752 Avg Valid Loss: 0.3066 / 
Epoch 82 Avg Train Loss: 0.2794 Avg Valid Loss: 0.3063 / 
Epoch 83 Avg Train Loss: 0.2798 Avg Valid Loss: 0.3063 / 
Epoch 84 Avg Train Loss: 0.2825 Avg Valid Loss: 0.3072 / 
Epoch 85 Avg Train Loss: 0.2769 Avg Valid Loss: 0.3052 / 
Epoch 86 Avg Train Loss: 0.2764 Avg Valid Loss: 0.3062 / 
Epoch 87 Avg Train Loss: 0.2743 Avg Valid Loss: 0.3073 / 
Epoch 88 Avg Train Loss: 0.2834 Avg Valid Loss: 0.3071 / 
Epoch 89 Avg Train Loss: 0.2803 Avg Valid Loss: 0.3063 / 
Epoch 90 Avg Train Loss: 0.2746 Avg Valid Loss: 0.3064 / 
Epoch 91 Avg Train Loss: 0.2783 Avg Valid Loss: 0.3064 / 
Epoch 92 Avg Train Loss: 0.2722 Avg Valid Loss: 0.3073 / 
Epoch 93 Avg Train Loss: 0.2753 Avg Valid Loss: 0.3099 / 
Epoch 94 Avg Train Loss: 0.2742 Avg Valid Loss: 0.3071 / 
Epoch 95 Avg Train Loss: 0.2769 Avg Valid Loss: 0.3066 / 
Epoch 96 Avg Train Loss: 0.2778 Avg Valid Loss: 0.3099 / 
Epoch 97 Avg Train Loss: 0.2801 Avg Valid Loss: 0.3047 / 
Epoch 98 Avg Train Loss: 0.2737 Avg Valid Loss: 0.3090 / 
Epoch 99 Avg Train Loss: 0.2741 Avg Valid Loss: 0.3058 / 
Epoch 100 Avg Train Loss: 0.2806 Avg Valid Loss: 0.3072 / 
========== fold: 4 stage: 2 result ==========
Score with best loss weights stage2: 0.3042
============ CV score with best loss weights ============
Stage 0: 0.3676
============ CV score with best loss weights ============
Stage 1: 0.3064
